GROUP,PACKAGE,CLASS,INSTRUCTION_MISSED,INSTRUCTION_COVERED,BRANCH_MISSED,BRANCH_COVERED,LINE_MISSED,LINE_COVERED,COMPLEXITY_MISSED,COMPLEXITY_COVERED,METHOD_MISSED,METHOD_COVERED
auth-com.splitspend.auth.service,com.splitspend.auth.service,UserAuthService,20,31,1,1,6,7,2,3,1,3
auth-com.splitspend.auth.service,com.splitspend.auth.controller,AuthController,0,16,0,0,0,5,0,2,0,2
auth-com.splitspend.auth.service,com.splitspend.auth.controller,AuthResponseDto,0,12,0,0,0,1,0,1,0,1
auth-com.splitspend.auth.service,com.splitspend.auth.controller,RegisterRequestDto,109,12,22,0,2,2,18,2,7,2
auth-com.splitspend.auth.service,com.splitspend.auth,AuthService,5,3,0,0,2,1,1,1,1,1
auth-com.splitspend.auth.service,com.splitspend.auth.entity,User,34,12,0,0,9,4,4,4,4,4
